<?xml version="1.0" encoding="UTF-8"?>
<!-- Generated by org.testng.reporters.JUnitReportReporter -->
<testsuite hostname="DESKTOP-3APH7UC" failures="0" tests="4" name="api.test.UserTests" time="8.850" errors="0" timestamp="2024-11-21T11:07:49 IST" skipped="0">
  <testcase classname="api.test.UserTests" name="testPostUser" time="3.619"/>
  <testcase classname="api.test.UserTests" name="testGetUserByName" time="1.340"/>
  <testcase classname="api.test.UserTests" name="testUpdateByUser" time="2.609"/>
  <testcase classname="api.test.UserTests" name="testDeleteUserByName" time="1.282"/>
</testsuite> <!-- api.test.UserTests -->
