<?xml version="1.0" encoding="UTF-8"?>
<!-- Generated by org.testng.reporters.JUnitReportReporter -->
<testsuite hostname="DESKTOP-3APH7UC" failures="0" tests="4" name="api.test.UserTests2" time="10.828" errors="0" timestamp="2024-11-20T16:56:27 IST" skipped="0">
  <testcase classname="api.test.UserTests2" name="testPostUser" time="2.439"/>
  <testcase classname="api.test.UserTests2" name="testGetUserByName" time="2.530"/>
  <testcase classname="api.test.UserTests2" name="testUpdateByUser" time="4.005"/>
  <testcase classname="api.test.UserTests2" name="testDeleteUserByName" time="1.854"/>
</testsuite> <!-- api.test.UserTests2 -->
